<?xml version="1.0" encoding="UTF-8"?>
<!-- Generated by org.testng.reporters.JUnitReportReporter -->
<testsuite skipped="0" hostname="dell" name="RestAssured.para_api" tests="1" failures="0" timestamp="23 Oct 2020 11:54:17 GMT" time="10.846" errors="0">
  <testcase name="f" time="10.846" classname="RestAssured.para_api"/>
</testsuite> <!-- RestAssured.para_api -->
