<?xml version="1.0" encoding="UTF-8"?>
<!-- Generated by org.testng.reporters.JUnitReportReporter -->
<testsuite skipped="0" hostname="dell" name="test.TestCase_On_Website" tests="2" failures="0" timestamp="16 Oct 2020 04:35:16 GMT" time="30.488" errors="0">
  <testcase name="TestCase1" time="14.001" classname="test.TestCase_On_Website"/>
  <testcase name="TestCase2" time="16.487" classname="test.TestCase_On_Website"/>
</testsuite> <!-- test.TestCase_On_Website -->
