<?xml version="1.0" encoding="UTF-8"?>
<!-- Generated by org.testng.reporters.JUnitReportReporter -->
<testsuite skipped="0" hostname="dell" name="test.NewTest" tests="1" failures="0" timestamp="14 Oct 2020 13:47:05 GMT" time="13.096" errors="0">
  <testcase name="f" time="13.096" classname="test.NewTest"/>
</testsuite> <!-- test.NewTest -->
