<?xml version="1.0" encoding="UTF-8"?>
<!-- Generated by org.testng.reporters.JUnitReportReporter -->
<testsuite skipped="0" hostname="dell" name="RestAssured.ApiTestCase" tests="1" failures="0" timestamp="23 Oct 2020 06:13:22 GMT" time="5.566" errors="0">
  <testcase name="f" time="5.566" classname="RestAssured.ApiTestCase"/>
</testsuite> <!-- RestAssured.ApiTestCase -->
